Build started 7/23/2020 2:29:38 AM.
     1>Project "F:\3rd Semester\Data Structure\DS Project\DataStructuresProject\DataStructuresProject\DataStructuresProject.vcxproj" on node 2 (Build target(s)).
     1>ClCompile:
         C:\Program Files (x86)\Microsoft Visual Studio 11.0\VC\bin\CL.exe /c /ZI /nologo /W3 /WX- /Od /Oy- /D WIN32 /D _DEBUG /D _CONSOLE /D _UNICODE /D UNICODE /Gm /EHsc /RTC1 /MDd /GS /fp:precise /Zc:wchar_t /Zc:forScope /Fo"Debug\\" /Fd"Debug\vc110.pdb" /Gd /TP /analyze- /errorReport:prompt Source.cpp
         Source.cpp
     1>f:\3rd semester\data structure\ds project\datastructuresproject\datastructuresproject\source.cpp(202): warning C4996: 'ctime': This function or variable may be unsafe. Consider using ctime_s instead. To disable deprecation, use _CRT_SECURE_NO_WARNINGS. See online help for details.
                 c:\program files (x86)\microsoft visual studio 11.0\vc\include\time.inl(86) : see declaration of 'ctime'
     1>f:\3rd semester\data structure\ds project\datastructuresproject\datastructuresproject\source.cpp(572): warning C4018: '<' : signed/unsigned mismatch
     1>f:\3rd semester\data structure\ds project\datastructuresproject\datastructuresproject\source.cpp(622): warning C4018: '<' : signed/unsigned mismatch
     1>f:\3rd semester\data structure\ds project\datastructuresproject\datastructuresproject\source.cpp(649): warning C4244: '+=' : conversion from 'double' to 'int', possible loss of data
     1>f:\3rd semester\data structure\ds project\datastructuresproject\datastructuresproject\source.cpp(712): warning C4244: 'argument' : conversion from 'time_t' to 'unsigned int', possible loss of data
     1>f:\3rd semester\data structure\ds project\datastructuresproject\datastructuresproject\source.cpp(734): warning C4244: 'argument' : conversion from 'time_t' to 'unsigned int', possible loss of data
     1>f:\3rd semester\data structure\ds project\datastructuresproject\datastructuresproject\source.cpp(760): warning C4996: 'ctime': This function or variable may be unsafe. Consider using ctime_s instead. To disable deprecation, use _CRT_SECURE_NO_WARNINGS. See online help for details.
                 c:\program files (x86)\microsoft visual studio 11.0\vc\include\time.inl(86) : see declaration of 'ctime'
       Link:
         C:\Program Files (x86)\Microsoft Visual Studio 11.0\VC\bin\link.exe /ERRORREPORT:PROMPT /OUT:"F:\3rd Semester\Data Structure\DS Project\DataStructuresProject\Debug\DataStructuresProject.exe" /INCREMENTAL /NOLOGO kernel32.lib user32.lib gdi32.lib winspool.lib comdlg32.lib advapi32.lib shell32.lib ole32.lib oleaut32.lib uuid.lib odbc32.lib odbccp32.lib /MANIFEST /MANIFESTUAC:"level='asInvoker' uiAccess='false'" /manifest:embed /DEBUG /PDB:"F:\3rd Semester\Data Structure\DS Project\DataStructuresProject\Debug\DataStructuresProject.pdb" /SUBSYSTEM:CONSOLE /TLBID:1 /DYNAMICBASE /NXCOMPAT /IMPLIB:"F:\3rd Semester\Data Structure\DS Project\DataStructuresProject\Debug\DataStructuresProject.lib" /MACHINE:X86 Debug\Source.obj
         DataStructuresProject.vcxproj -> F:\3rd Semester\Data Structure\DS Project\DataStructuresProject\Debug\DataStructuresProject.exe
     1>Done Building Project "F:\3rd Semester\Data Structure\DS Project\DataStructuresProject\DataStructuresProject\DataStructuresProject.vcxproj" (Build target(s)).

Build succeeded.

Time Elapsed 00:00:08.98
